

Processing ApplicationController#index (for 127.0.0.1 at 2010-04-07 17:25:08) [GET]

ActionController::RoutingError (No route matches "/" with {:method=>:get}):
  passenger (2.2.11) lib/phusion_passenger/rack/request_handler.rb:92:in `process_request'
  passenger (2.2.11) lib/phusion_passenger/abstract_request_handler.rb:207:in `main_loop'
  passenger (2.2.11) lib/phusion_passenger/railz/application_spawner.rb:418:in `start_request_handler'
  passenger (2.2.11) lib/phusion_passenger/railz/application_spawner.rb:358:in `handle_spawn_application'
  passenger (2.2.11) lib/phusion_passenger/utils.rb:184:in `safe_fork'
  passenger (2.2.11) lib/phusion_passenger/railz/application_spawner.rb:354:in `handle_spawn_application'
  passenger (2.2.11) lib/phusion_passenger/abstract_server.rb:352:in `__send__'
  passenger (2.2.11) lib/phusion_passenger/abstract_server.rb:352:in `main_loop'
  passenger (2.2.11) lib/phusion_passenger/abstract_server.rb:196:in `start_synchronously'
  passenger (2.2.11) lib/phusion_passenger/abstract_server.rb:163:in `start'
  passenger (2.2.11) lib/phusion_passenger/railz/application_spawner.rb:213:in `start'
  passenger (2.2.11) lib/phusion_passenger/spawn_manager.rb:262:in `spawn_rails_application'
  passenger (2.2.11) lib/phusion_passenger/abstract_server_collection.rb:126:in `lookup_or_add'
  passenger (2.2.11) lib/phusion_passenger/spawn_manager.rb:256:in `spawn_rails_application'
  passenger (2.2.11) lib/phusion_passenger/abstract_server_collection.rb:80:in `synchronize'
  passenger (2.2.11) lib/phusion_passenger/abstract_server_collection.rb:79:in `synchronize'
  passenger (2.2.11) lib/phusion_passenger/spawn_manager.rb:255:in `spawn_rails_application'
  passenger (2.2.11) lib/phusion_passenger/spawn_manager.rb:154:in `spawn_application'
  passenger (2.2.11) lib/phusion_passenger/spawn_manager.rb:287:in `handle_spawn_application'
  passenger (2.2.11) lib/phusion_passenger/abstract_server.rb:352:in `__send__'
  passenger (2.2.11) lib/phusion_passenger/abstract_server.rb:352:in `main_loop'
  passenger (2.2.11) lib/phusion_passenger/abstract_server.rb:196:in `start_synchronously'

Rendering rescues/layout (not_found)


Processing HomeController#index (for 127.0.0.1 at 2010-04-07 17:25:50) [GET]
Completed in 4ms (View: 3 | 200 OK [http://rails-app.local/]


Processing BlockedController#index (for 127.0.0.1 at 2010-04-07 17:25:59) [GET]

NoMethodError (You have a nil object when you didn't expect it!
The error occurred while evaluating nil.session):
  passenger (2.2.11) lib/phusion_passenger/rack/request_handler.rb:92:in `process_request'
  passenger (2.2.11) lib/phusion_passenger/abstract_request_handler.rb:207:in `main_loop'
  passenger (2.2.11) lib/phusion_passenger/railz/application_spawner.rb:418:in `start_request_handler'
  passenger (2.2.11) lib/phusion_passenger/railz/application_spawner.rb:358:in `handle_spawn_application'
  passenger (2.2.11) lib/phusion_passenger/utils.rb:184:in `safe_fork'
  passenger (2.2.11) lib/phusion_passenger/railz/application_spawner.rb:354:in `handle_spawn_application'
  passenger (2.2.11) lib/phusion_passenger/abstract_server.rb:352:in `__send__'
  passenger (2.2.11) lib/phusion_passenger/abstract_server.rb:352:in `main_loop'
  passenger (2.2.11) lib/phusion_passenger/abstract_server.rb:196:in `start_synchronously'
  passenger (2.2.11) lib/phusion_passenger/abstract_server.rb:163:in `start'
  passenger (2.2.11) lib/phusion_passenger/railz/application_spawner.rb:213:in `start'
  passenger (2.2.11) lib/phusion_passenger/spawn_manager.rb:262:in `spawn_rails_application'
  passenger (2.2.11) lib/phusion_passenger/abstract_server_collection.rb:126:in `lookup_or_add'
  passenger (2.2.11) lib/phusion_passenger/spawn_manager.rb:256:in `spawn_rails_application'
  passenger (2.2.11) lib/phusion_passenger/abstract_server_collection.rb:80:in `synchronize'
  passenger (2.2.11) lib/phusion_passenger/abstract_server_collection.rb:79:in `synchronize'
  passenger (2.2.11) lib/phusion_passenger/spawn_manager.rb:255:in `spawn_rails_application'
  passenger (2.2.11) lib/phusion_passenger/spawn_manager.rb:154:in `spawn_application'
  passenger (2.2.11) lib/phusion_passenger/spawn_manager.rb:287:in `handle_spawn_application'
  passenger (2.2.11) lib/phusion_passenger/abstract_server.rb:352:in `__send__'
  passenger (2.2.11) lib/phusion_passenger/abstract_server.rb:352:in `main_loop'
  passenger (2.2.11) lib/phusion_passenger/abstract_server.rb:196:in `start_synchronously'

Rendered rescues/_trace (29.0ms)
Rendered rescues/_request_and_response (1.2ms)
Rendering rescues/layout (internal_server_error)


Processing BlockedController#index (for 127.0.0.1 at 2010-04-07 17:28:28) [GET]

NoMethodError (You have a nil object when you didn't expect it!
The error occurred while evaluating nil.session):
  passenger (2.2.11) lib/phusion_passenger/rack/request_handler.rb:92:in `process_request'
  passenger (2.2.11) lib/phusion_passenger/abstract_request_handler.rb:207:in `main_loop'
  passenger (2.2.11) lib/phusion_passenger/railz/application_spawner.rb:418:in `start_request_handler'
  passenger (2.2.11) lib/phusion_passenger/railz/application_spawner.rb:358:in `handle_spawn_application'
  passenger (2.2.11) lib/phusion_passenger/utils.rb:184:in `safe_fork'
  passenger (2.2.11) lib/phusion_passenger/railz/application_spawner.rb:354:in `handle_spawn_application'
  passenger (2.2.11) lib/phusion_passenger/abstract_server.rb:352:in `__send__'
  passenger (2.2.11) lib/phusion_passenger/abstract_server.rb:352:in `main_loop'
  passenger (2.2.11) lib/phusion_passenger/abstract_server.rb:196:in `start_synchronously'
  passenger (2.2.11) lib/phusion_passenger/abstract_server.rb:163:in `start'
  passenger (2.2.11) lib/phusion_passenger/railz/application_spawner.rb:213:in `start'
  passenger (2.2.11) lib/phusion_passenger/spawn_manager.rb:262:in `spawn_rails_application'
  passenger (2.2.11) lib/phusion_passenger/abstract_server_collection.rb:126:in `lookup_or_add'
  passenger (2.2.11) lib/phusion_passenger/spawn_manager.rb:256:in `spawn_rails_application'
  passenger (2.2.11) lib/phusion_passenger/abstract_server_collection.rb:80:in `synchronize'
  passenger (2.2.11) lib/phusion_passenger/abstract_server_collection.rb:79:in `synchronize'
  passenger (2.2.11) lib/phusion_passenger/spawn_manager.rb:255:in `spawn_rails_application'
  passenger (2.2.11) lib/phusion_passenger/spawn_manager.rb:154:in `spawn_application'
  passenger (2.2.11) lib/phusion_passenger/spawn_manager.rb:287:in `handle_spawn_application'
  passenger (2.2.11) lib/phusion_passenger/abstract_server.rb:352:in `__send__'
  passenger (2.2.11) lib/phusion_passenger/abstract_server.rb:352:in `main_loop'
  passenger (2.2.11) lib/phusion_passenger/abstract_server.rb:196:in `start_synchronously'

Rendered rescues/_trace (75.4ms)
Rendered rescues/_request_and_response (0.2ms)
Rendering rescues/layout (internal_server_error)


Processing BlockedController#index (for 127.0.0.1 at 2010-04-07 17:29:03) [GET]

NoMethodError (You have a nil object when you didn't expect it!
The error occurred while evaluating nil.session):
  passenger (2.2.11) lib/phusion_passenger/rack/request_handler.rb:92:in `process_request'
  passenger (2.2.11) lib/phusion_passenger/abstract_request_handler.rb:207:in `main_loop'
  passenger (2.2.11) lib/phusion_passenger/railz/application_spawner.rb:418:in `start_request_handler'
  passenger (2.2.11) lib/phusion_passenger/railz/application_spawner.rb:358:in `handle_spawn_application'
  passenger (2.2.11) lib/phusion_passenger/utils.rb:184:in `safe_fork'
  passenger (2.2.11) lib/phusion_passenger/railz/application_spawner.rb:354:in `handle_spawn_application'
  passenger (2.2.11) lib/phusion_passenger/abstract_server.rb:352:in `__send__'
  passenger (2.2.11) lib/phusion_passenger/abstract_server.rb:352:in `main_loop'
  passenger (2.2.11) lib/phusion_passenger/abstract_server.rb:196:in `start_synchronously'
  passenger (2.2.11) lib/phusion_passenger/abstract_server.rb:163:in `start'
  passenger (2.2.11) lib/phusion_passenger/railz/application_spawner.rb:213:in `start'
  passenger (2.2.11) lib/phusion_passenger/spawn_manager.rb:262:in `spawn_rails_application'
  passenger (2.2.11) lib/phusion_passenger/abstract_server_collection.rb:126:in `lookup_or_add'
  passenger (2.2.11) lib/phusion_passenger/spawn_manager.rb:256:in `spawn_rails_application'
  passenger (2.2.11) lib/phusion_passenger/abstract_server_collection.rb:80:in `synchronize'
  passenger (2.2.11) lib/phusion_passenger/abstract_server_collection.rb:79:in `synchronize'
  passenger (2.2.11) lib/phusion_passenger/spawn_manager.rb:255:in `spawn_rails_application'
  passenger (2.2.11) lib/phusion_passenger/spawn_manager.rb:154:in `spawn_application'
  passenger (2.2.11) lib/phusion_passenger/spawn_manager.rb:287:in `handle_spawn_application'
  passenger (2.2.11) lib/phusion_passenger/abstract_server.rb:352:in `__send__'
  passenger (2.2.11) lib/phusion_passenger/abstract_server.rb:352:in `main_loop'
  passenger (2.2.11) lib/phusion_passenger/abstract_server.rb:196:in `start_synchronously'

Rendered rescues/_trace (32.7ms)
Rendered rescues/_request_and_response (1.5ms)
Rendering rescues/layout (internal_server_error)


Processing BlockedController#index (for 127.0.0.1 at 2010-04-07 17:29:44) [GET]

NoMethodError (You have a nil object when you didn't expect it!
The error occurred while evaluating nil.session):
  passenger (2.2.11) lib/phusion_passenger/rack/request_handler.rb:92:in `process_request'
  passenger (2.2.11) lib/phusion_passenger/abstract_request_handler.rb:207:in `main_loop'
  passenger (2.2.11) lib/phusion_passenger/railz/application_spawner.rb:418:in `start_request_handler'
  passenger (2.2.11) lib/phusion_passenger/railz/application_spawner.rb:358:in `handle_spawn_application'
  passenger (2.2.11) lib/phusion_passenger/utils.rb:184:in `safe_fork'
  passenger (2.2.11) lib/phusion_passenger/railz/application_spawner.rb:354:in `handle_spawn_application'
  passenger (2.2.11) lib/phusion_passenger/abstract_server.rb:352:in `__send__'
  passenger (2.2.11) lib/phusion_passenger/abstract_server.rb:352:in `main_loop'
  passenger (2.2.11) lib/phusion_passenger/abstract_server.rb:196:in `start_synchronously'
  passenger (2.2.11) lib/phusion_passenger/abstract_server.rb:163:in `start'
  passenger (2.2.11) lib/phusion_passenger/railz/application_spawner.rb:213:in `start'
  passenger (2.2.11) lib/phusion_passenger/spawn_manager.rb:262:in `spawn_rails_application'
  passenger (2.2.11) lib/phusion_passenger/abstract_server_collection.rb:126:in `lookup_or_add'
  passenger (2.2.11) lib/phusion_passenger/spawn_manager.rb:256:in `spawn_rails_application'
  passenger (2.2.11) lib/phusion_passenger/abstract_server_collection.rb:80:in `synchronize'
  passenger (2.2.11) lib/phusion_passenger/abstract_server_collection.rb:79:in `synchronize'
  passenger (2.2.11) lib/phusion_passenger/spawn_manager.rb:255:in `spawn_rails_application'
  passenger (2.2.11) lib/phusion_passenger/spawn_manager.rb:154:in `spawn_application'
  passenger (2.2.11) lib/phusion_passenger/spawn_manager.rb:287:in `handle_spawn_application'
  passenger (2.2.11) lib/phusion_passenger/abstract_server.rb:352:in `__send__'
  passenger (2.2.11) lib/phusion_passenger/abstract_server.rb:352:in `main_loop'
  passenger (2.2.11) lib/phusion_passenger/abstract_server.rb:196:in `start_synchronously'

Rendered rescues/_trace (28.0ms)
Rendered rescues/_request_and_response (1.3ms)
Rendering rescues/layout (internal_server_error)


Processing BlockedController#index (for 127.0.0.1 at 2010-04-07 17:30:10) [GET]

NoMethodError (You have a nil object when you didn't expect it!
The error occurred while evaluating nil.session):
  passenger (2.2.11) lib/phusion_passenger/rack/request_handler.rb:92:in `process_request'
  passenger (2.2.11) lib/phusion_passenger/abstract_request_handler.rb:207:in `main_loop'
  passenger (2.2.11) lib/phusion_passenger/railz/application_spawner.rb:418:in `start_request_handler'
  passenger (2.2.11) lib/phusion_passenger/railz/application_spawner.rb:358:in `handle_spawn_application'
  passenger (2.2.11) lib/phusion_passenger/utils.rb:184:in `safe_fork'
  passenger (2.2.11) lib/phusion_passenger/railz/application_spawner.rb:354:in `handle_spawn_application'
  passenger (2.2.11) lib/phusion_passenger/abstract_server.rb:352:in `__send__'
  passenger (2.2.11) lib/phusion_passenger/abstract_server.rb:352:in `main_loop'
  passenger (2.2.11) lib/phusion_passenger/abstract_server.rb:196:in `start_synchronously'
  passenger (2.2.11) lib/phusion_passenger/abstract_server.rb:163:in `start'
  passenger (2.2.11) lib/phusion_passenger/railz/application_spawner.rb:213:in `start'
  passenger (2.2.11) lib/phusion_passenger/spawn_manager.rb:262:in `spawn_rails_application'
  passenger (2.2.11) lib/phusion_passenger/abstract_server_collection.rb:126:in `lookup_or_add'
  passenger (2.2.11) lib/phusion_passenger/spawn_manager.rb:256:in `spawn_rails_application'
  passenger (2.2.11) lib/phusion_passenger/abstract_server_collection.rb:80:in `synchronize'
  passenger (2.2.11) lib/phusion_passenger/abstract_server_collection.rb:79:in `synchronize'
  passenger (2.2.11) lib/phusion_passenger/spawn_manager.rb:255:in `spawn_rails_application'
  passenger (2.2.11) lib/phusion_passenger/spawn_manager.rb:154:in `spawn_application'
  passenger (2.2.11) lib/phusion_passenger/spawn_manager.rb:287:in `handle_spawn_application'
  passenger (2.2.11) lib/phusion_passenger/abstract_server.rb:352:in `__send__'
  passenger (2.2.11) lib/phusion_passenger/abstract_server.rb:352:in `main_loop'
  passenger (2.2.11) lib/phusion_passenger/abstract_server.rb:196:in `start_synchronously'

Rendered rescues/_trace (28.3ms)
Rendered rescues/_request_and_response (1.3ms)
Rendering rescues/layout (internal_server_error)


Processing BlockedController#index (for 127.0.0.1 at 2010-04-07 17:30:42) [GET]

NoMethodError (You have a nil object when you didn't expect it!
The error occurred while evaluating nil.session):
  passenger (2.2.11) lib/phusion_passenger/rack/request_handler.rb:92:in `process_request'
  passenger (2.2.11) lib/phusion_passenger/abstract_request_handler.rb:207:in `main_loop'
  passenger (2.2.11) lib/phusion_passenger/railz/application_spawner.rb:418:in `start_request_handler'
  passenger (2.2.11) lib/phusion_passenger/railz/application_spawner.rb:358:in `handle_spawn_application'
  passenger (2.2.11) lib/phusion_passenger/utils.rb:184:in `safe_fork'
  passenger (2.2.11) lib/phusion_passenger/railz/application_spawner.rb:354:in `handle_spawn_application'
  passenger (2.2.11) lib/phusion_passenger/abstract_server.rb:352:in `__send__'
  passenger (2.2.11) lib/phusion_passenger/abstract_server.rb:352:in `main_loop'
  passenger (2.2.11) lib/phusion_passenger/abstract_server.rb:196:in `start_synchronously'
  passenger (2.2.11) lib/phusion_passenger/abstract_server.rb:163:in `start'
  passenger (2.2.11) lib/phusion_passenger/railz/application_spawner.rb:213:in `start'
  passenger (2.2.11) lib/phusion_passenger/spawn_manager.rb:262:in `spawn_rails_application'
  passenger (2.2.11) lib/phusion_passenger/abstract_server_collection.rb:126:in `lookup_or_add'
  passenger (2.2.11) lib/phusion_passenger/spawn_manager.rb:256:in `spawn_rails_application'
  passenger (2.2.11) lib/phusion_passenger/abstract_server_collection.rb:80:in `synchronize'
  passenger (2.2.11) lib/phusion_passenger/abstract_server_collection.rb:79:in `synchronize'
  passenger (2.2.11) lib/phusion_passenger/spawn_manager.rb:255:in `spawn_rails_application'
  passenger (2.2.11) lib/phusion_passenger/spawn_manager.rb:154:in `spawn_application'
  passenger (2.2.11) lib/phusion_passenger/spawn_manager.rb:287:in `handle_spawn_application'
  passenger (2.2.11) lib/phusion_passenger/abstract_server.rb:352:in `__send__'
  passenger (2.2.11) lib/phusion_passenger/abstract_server.rb:352:in `main_loop'
  passenger (2.2.11) lib/phusion_passenger/abstract_server.rb:196:in `start_synchronously'

Rendered rescues/_trace (32.3ms)
Rendered rescues/_request_and_response (1.3ms)
Rendering rescues/layout (internal_server_error)


Processing BlockedController#index (for 127.0.0.1 at 2010-04-07 17:31:26) [GET]

NoMethodError (You have a nil object when you didn't expect it!
The error occurred while evaluating nil.session):
  passenger (2.2.11) lib/phusion_passenger/rack/request_handler.rb:92:in `process_request'
  passenger (2.2.11) lib/phusion_passenger/abstract_request_handler.rb:207:in `main_loop'
  passenger (2.2.11) lib/phusion_passenger/railz/application_spawner.rb:418:in `start_request_handler'
  passenger (2.2.11) lib/phusion_passenger/railz/application_spawner.rb:358:in `handle_spawn_application'
  passenger (2.2.11) lib/phusion_passenger/utils.rb:184:in `safe_fork'
  passenger (2.2.11) lib/phusion_passenger/railz/application_spawner.rb:354:in `handle_spawn_application'
  passenger (2.2.11) lib/phusion_passenger/abstract_server.rb:352:in `__send__'
  passenger (2.2.11) lib/phusion_passenger/abstract_server.rb:352:in `main_loop'
  passenger (2.2.11) lib/phusion_passenger/abstract_server.rb:196:in `start_synchronously'
  passenger (2.2.11) lib/phusion_passenger/abstract_server.rb:163:in `start'
  passenger (2.2.11) lib/phusion_passenger/railz/application_spawner.rb:213:in `start'
  passenger (2.2.11) lib/phusion_passenger/spawn_manager.rb:262:in `spawn_rails_application'
  passenger (2.2.11) lib/phusion_passenger/abstract_server_collection.rb:126:in `lookup_or_add'
  passenger (2.2.11) lib/phusion_passenger/spawn_manager.rb:256:in `spawn_rails_application'
  passenger (2.2.11) lib/phusion_passenger/abstract_server_collection.rb:80:in `synchronize'
  passenger (2.2.11) lib/phusion_passenger/abstract_server_collection.rb:79:in `synchronize'
  passenger (2.2.11) lib/phusion_passenger/spawn_manager.rb:255:in `spawn_rails_application'
  passenger (2.2.11) lib/phusion_passenger/spawn_manager.rb:154:in `spawn_application'
  passenger (2.2.11) lib/phusion_passenger/spawn_manager.rb:287:in `handle_spawn_application'
  passenger (2.2.11) lib/phusion_passenger/abstract_server.rb:352:in `__send__'
  passenger (2.2.11) lib/phusion_passenger/abstract_server.rb:352:in `main_loop'
  passenger (2.2.11) lib/phusion_passenger/abstract_server.rb:196:in `start_synchronously'

Rendered rescues/_trace (31.7ms)
Rendered rescues/_request_and_response (1.5ms)
Rendering rescues/layout (internal_server_error)
DEPRECATION WARNING: Disabling sessions for a single controller has been deprecated. Sessions are now lazy loaded. So if you don't access them, consider them off. You can still modify the session cookie options with request.session_options.. (called from included at /Users/brianvh/Developer/ruby/rack-webauth/examples/rails-app/../../lib/rack/webauth/helpers.rb:11)


Processing BlockedController#index (for 127.0.0.1 at 2010-04-07 17:33:28) [GET]

NoMethodError (You have a nil object when you didn't expect it!
The error occurred while evaluating nil.session):
  passenger (2.2.11) lib/phusion_passenger/rack/request_handler.rb:92:in `process_request'
  passenger (2.2.11) lib/phusion_passenger/abstract_request_handler.rb:207:in `main_loop'
  passenger (2.2.11) lib/phusion_passenger/railz/application_spawner.rb:418:in `start_request_handler'
  passenger (2.2.11) lib/phusion_passenger/railz/application_spawner.rb:358:in `handle_spawn_application'
  passenger (2.2.11) lib/phusion_passenger/utils.rb:184:in `safe_fork'
  passenger (2.2.11) lib/phusion_passenger/railz/application_spawner.rb:354:in `handle_spawn_application'
  passenger (2.2.11) lib/phusion_passenger/abstract_server.rb:352:in `__send__'
  passenger (2.2.11) lib/phusion_passenger/abstract_server.rb:352:in `main_loop'
  passenger (2.2.11) lib/phusion_passenger/abstract_server.rb:196:in `start_synchronously'
  passenger (2.2.11) lib/phusion_passenger/abstract_server.rb:163:in `start'
  passenger (2.2.11) lib/phusion_passenger/railz/application_spawner.rb:213:in `start'
  passenger (2.2.11) lib/phusion_passenger/spawn_manager.rb:262:in `spawn_rails_application'
  passenger (2.2.11) lib/phusion_passenger/abstract_server_collection.rb:126:in `lookup_or_add'
  passenger (2.2.11) lib/phusion_passenger/spawn_manager.rb:256:in `spawn_rails_application'
  passenger (2.2.11) lib/phusion_passenger/abstract_server_collection.rb:80:in `synchronize'
  passenger (2.2.11) lib/phusion_passenger/abstract_server_collection.rb:79:in `synchronize'
  passenger (2.2.11) lib/phusion_passenger/spawn_manager.rb:255:in `spawn_rails_application'
  passenger (2.2.11) lib/phusion_passenger/spawn_manager.rb:154:in `spawn_application'
  passenger (2.2.11) lib/phusion_passenger/spawn_manager.rb:287:in `handle_spawn_application'
  passenger (2.2.11) lib/phusion_passenger/abstract_server.rb:352:in `__send__'
  passenger (2.2.11) lib/phusion_passenger/abstract_server.rb:352:in `main_loop'
  passenger (2.2.11) lib/phusion_passenger/abstract_server.rb:196:in `start_synchronously'

Rendered rescues/_trace (27.6ms)
Rendered rescues/_request_and_response (1.3ms)
Rendering rescues/layout (internal_server_error)
DEPRECATION WARNING: Disabling sessions for a single controller has been deprecated. Sessions are now lazy loaded. So if you don't access them, consider them off. You can still modify the session cookie options with request.session_options.. (called from included at /Users/brianvh/Developer/ruby/rack-webauth/examples/rails-app/../../lib/rack/webauth/helpers.rb:11)


Processing BlockedController#index (for 127.0.0.1 at 2010-04-07 17:33:51) [GET]

NoMethodError (You have a nil object when you didn't expect it!
The error occurred while evaluating nil.session):
  passenger (2.2.11) lib/phusion_passenger/rack/request_handler.rb:92:in `process_request'
  passenger (2.2.11) lib/phusion_passenger/abstract_request_handler.rb:207:in `main_loop'
  passenger (2.2.11) lib/phusion_passenger/railz/application_spawner.rb:418:in `start_request_handler'
  passenger (2.2.11) lib/phusion_passenger/railz/application_spawner.rb:358:in `handle_spawn_application'
  passenger (2.2.11) lib/phusion_passenger/utils.rb:184:in `safe_fork'
  passenger (2.2.11) lib/phusion_passenger/railz/application_spawner.rb:354:in `handle_spawn_application'
  passenger (2.2.11) lib/phusion_passenger/abstract_server.rb:352:in `__send__'
  passenger (2.2.11) lib/phusion_passenger/abstract_server.rb:352:in `main_loop'
  passenger (2.2.11) lib/phusion_passenger/abstract_server.rb:196:in `start_synchronously'
  passenger (2.2.11) lib/phusion_passenger/abstract_server.rb:163:in `start'
  passenger (2.2.11) lib/phusion_passenger/railz/application_spawner.rb:213:in `start'
  passenger (2.2.11) lib/phusion_passenger/spawn_manager.rb:262:in `spawn_rails_application'
  passenger (2.2.11) lib/phusion_passenger/abstract_server_collection.rb:126:in `lookup_or_add'
  passenger (2.2.11) lib/phusion_passenger/spawn_manager.rb:256:in `spawn_rails_application'
  passenger (2.2.11) lib/phusion_passenger/abstract_server_collection.rb:80:in `synchronize'
  passenger (2.2.11) lib/phusion_passenger/abstract_server_collection.rb:79:in `synchronize'
  passenger (2.2.11) lib/phusion_passenger/spawn_manager.rb:255:in `spawn_rails_application'
  passenger (2.2.11) lib/phusion_passenger/spawn_manager.rb:154:in `spawn_application'
  passenger (2.2.11) lib/phusion_passenger/spawn_manager.rb:287:in `handle_spawn_application'
  passenger (2.2.11) lib/phusion_passenger/abstract_server.rb:352:in `__send__'
  passenger (2.2.11) lib/phusion_passenger/abstract_server.rb:352:in `main_loop'
  passenger (2.2.11) lib/phusion_passenger/abstract_server.rb:196:in `start_synchronously'

Rendered rescues/_trace (32.0ms)
Rendered rescues/_request_and_response (1.5ms)
Rendering rescues/layout (internal_server_error)


Processing BlockedController#index (for 127.0.0.1 at 2010-04-07 17:35:58) [GET]

NoMethodError (You have a nil object when you didn't expect it!
The error occurred while evaluating nil.session):
  passenger (2.2.11) lib/phusion_passenger/rack/request_handler.rb:92:in `process_request'
  passenger (2.2.11) lib/phusion_passenger/abstract_request_handler.rb:207:in `main_loop'
  passenger (2.2.11) lib/phusion_passenger/railz/application_spawner.rb:418:in `start_request_handler'
  passenger (2.2.11) lib/phusion_passenger/railz/application_spawner.rb:358:in `handle_spawn_application'
  passenger (2.2.11) lib/phusion_passenger/utils.rb:184:in `safe_fork'
  passenger (2.2.11) lib/phusion_passenger/railz/application_spawner.rb:354:in `handle_spawn_application'
  passenger (2.2.11) lib/phusion_passenger/abstract_server.rb:352:in `__send__'
  passenger (2.2.11) lib/phusion_passenger/abstract_server.rb:352:in `main_loop'
  passenger (2.2.11) lib/phusion_passenger/abstract_server.rb:196:in `start_synchronously'
  passenger (2.2.11) lib/phusion_passenger/abstract_server.rb:163:in `start'
  passenger (2.2.11) lib/phusion_passenger/railz/application_spawner.rb:213:in `start'
  passenger (2.2.11) lib/phusion_passenger/spawn_manager.rb:262:in `spawn_rails_application'
  passenger (2.2.11) lib/phusion_passenger/abstract_server_collection.rb:126:in `lookup_or_add'
  passenger (2.2.11) lib/phusion_passenger/spawn_manager.rb:256:in `spawn_rails_application'
  passenger (2.2.11) lib/phusion_passenger/abstract_server_collection.rb:80:in `synchronize'
  passenger (2.2.11) lib/phusion_passenger/abstract_server_collection.rb:79:in `synchronize'
  passenger (2.2.11) lib/phusion_passenger/spawn_manager.rb:255:in `spawn_rails_application'
  passenger (2.2.11) lib/phusion_passenger/spawn_manager.rb:154:in `spawn_application'
  passenger (2.2.11) lib/phusion_passenger/spawn_manager.rb:287:in `handle_spawn_application'
  passenger (2.2.11) lib/phusion_passenger/abstract_server.rb:352:in `__send__'
  passenger (2.2.11) lib/phusion_passenger/abstract_server.rb:352:in `main_loop'
  passenger (2.2.11) lib/phusion_passenger/abstract_server.rb:196:in `start_synchronously'

Rendered rescues/_trace (27.8ms)
Rendered rescues/_request_and_response (1.3ms)
Rendering rescues/layout (internal_server_error)


Processing BlockedController#index (for 127.0.0.1 at 2010-04-07 17:38:18) [GET]

NoMethodError (You have a nil object when you didn't expect it!
The error occurred while evaluating nil.session):
  passenger (2.2.11) lib/phusion_passenger/rack/request_handler.rb:92:in `process_request'
  passenger (2.2.11) lib/phusion_passenger/abstract_request_handler.rb:207:in `main_loop'
  passenger (2.2.11) lib/phusion_passenger/railz/application_spawner.rb:418:in `start_request_handler'
  passenger (2.2.11) lib/phusion_passenger/railz/application_spawner.rb:358:in `handle_spawn_application'
  passenger (2.2.11) lib/phusion_passenger/utils.rb:184:in `safe_fork'
  passenger (2.2.11) lib/phusion_passenger/railz/application_spawner.rb:354:in `handle_spawn_application'
  passenger (2.2.11) lib/phusion_passenger/abstract_server.rb:352:in `__send__'
  passenger (2.2.11) lib/phusion_passenger/abstract_server.rb:352:in `main_loop'
  passenger (2.2.11) lib/phusion_passenger/abstract_server.rb:196:in `start_synchronously'
  passenger (2.2.11) lib/phusion_passenger/abstract_server.rb:163:in `start'
  passenger (2.2.11) lib/phusion_passenger/railz/application_spawner.rb:213:in `start'
  passenger (2.2.11) lib/phusion_passenger/spawn_manager.rb:262:in `spawn_rails_application'
  passenger (2.2.11) lib/phusion_passenger/abstract_server_collection.rb:126:in `lookup_or_add'
  passenger (2.2.11) lib/phusion_passenger/spawn_manager.rb:256:in `spawn_rails_application'
  passenger (2.2.11) lib/phusion_passenger/abstract_server_collection.rb:80:in `synchronize'
  passenger (2.2.11) lib/phusion_passenger/abstract_server_collection.rb:79:in `synchronize'
  passenger (2.2.11) lib/phusion_passenger/spawn_manager.rb:255:in `spawn_rails_application'
  passenger (2.2.11) lib/phusion_passenger/spawn_manager.rb:154:in `spawn_application'
  passenger (2.2.11) lib/phusion_passenger/spawn_manager.rb:287:in `handle_spawn_application'
  passenger (2.2.11) lib/phusion_passenger/abstract_server.rb:352:in `__send__'
  passenger (2.2.11) lib/phusion_passenger/abstract_server.rb:352:in `main_loop'
  passenger (2.2.11) lib/phusion_passenger/abstract_server.rb:196:in `start_synchronously'

Rendered rescues/_trace (28.0ms)
Rendered rescues/_request_and_response (1.3ms)
Rendering rescues/layout (internal_server_error)


Processing BlockedController#index (for 127.0.0.1 at 2010-04-07 17:38:53) [GET]

NoMethodError (You have a nil object when you didn't expect it!
The error occurred while evaluating nil.session):
  passenger (2.2.11) lib/phusion_passenger/rack/request_handler.rb:92:in `process_request'
  passenger (2.2.11) lib/phusion_passenger/abstract_request_handler.rb:207:in `main_loop'
  passenger (2.2.11) lib/phusion_passenger/railz/application_spawner.rb:418:in `start_request_handler'
  passenger (2.2.11) lib/phusion_passenger/railz/application_spawner.rb:358:in `handle_spawn_application'
  passenger (2.2.11) lib/phusion_passenger/utils.rb:184:in `safe_fork'
  passenger (2.2.11) lib/phusion_passenger/railz/application_spawner.rb:354:in `handle_spawn_application'
  passenger (2.2.11) lib/phusion_passenger/abstract_server.rb:352:in `__send__'
  passenger (2.2.11) lib/phusion_passenger/abstract_server.rb:352:in `main_loop'
  passenger (2.2.11) lib/phusion_passenger/abstract_server.rb:196:in `start_synchronously'
  passenger (2.2.11) lib/phusion_passenger/abstract_server.rb:163:in `start'
  passenger (2.2.11) lib/phusion_passenger/railz/application_spawner.rb:213:in `start'
  passenger (2.2.11) lib/phusion_passenger/spawn_manager.rb:262:in `spawn_rails_application'
  passenger (2.2.11) lib/phusion_passenger/abstract_server_collection.rb:126:in `lookup_or_add'
  passenger (2.2.11) lib/phusion_passenger/spawn_manager.rb:256:in `spawn_rails_application'
  passenger (2.2.11) lib/phusion_passenger/abstract_server_collection.rb:80:in `synchronize'
  passenger (2.2.11) lib/phusion_passenger/abstract_server_collection.rb:79:in `synchronize'
  passenger (2.2.11) lib/phusion_passenger/spawn_manager.rb:255:in `spawn_rails_application'
  passenger (2.2.11) lib/phusion_passenger/spawn_manager.rb:154:in `spawn_application'
  passenger (2.2.11) lib/phusion_passenger/spawn_manager.rb:287:in `handle_spawn_application'
  passenger (2.2.11) lib/phusion_passenger/abstract_server.rb:352:in `__send__'
  passenger (2.2.11) lib/phusion_passenger/abstract_server.rb:352:in `main_loop'
  passenger (2.2.11) lib/phusion_passenger/abstract_server.rb:196:in `start_synchronously'

Rendered rescues/_trace (32.2ms)
Rendered rescues/_request_and_response (1.5ms)
Rendering rescues/layout (internal_server_error)


Processing HomeController#index (for 127.0.0.1 at 2010-04-07 17:44:23) [GET]
Completed in 5ms (View: 3 | 200 OK [http://rails-app.local/]


Processing BlockedController#index (for 127.0.0.1 at 2010-04-07 17:44:28) [GET]

NameError (undefined local variable or method `env' for #<BlockedController:0x29be194>):
  passenger (2.2.11) lib/phusion_passenger/rack/request_handler.rb:92:in `process_request'
  passenger (2.2.11) lib/phusion_passenger/abstract_request_handler.rb:207:in `main_loop'
  passenger (2.2.11) lib/phusion_passenger/railz/application_spawner.rb:418:in `start_request_handler'
  passenger (2.2.11) lib/phusion_passenger/railz/application_spawner.rb:358:in `handle_spawn_application'
  passenger (2.2.11) lib/phusion_passenger/utils.rb:184:in `safe_fork'
  passenger (2.2.11) lib/phusion_passenger/railz/application_spawner.rb:354:in `handle_spawn_application'
  passenger (2.2.11) lib/phusion_passenger/abstract_server.rb:352:in `__send__'
  passenger (2.2.11) lib/phusion_passenger/abstract_server.rb:352:in `main_loop'
  passenger (2.2.11) lib/phusion_passenger/abstract_server.rb:196:in `start_synchronously'
  passenger (2.2.11) lib/phusion_passenger/abstract_server.rb:163:in `start'
  passenger (2.2.11) lib/phusion_passenger/railz/application_spawner.rb:213:in `start'
  passenger (2.2.11) lib/phusion_passenger/spawn_manager.rb:262:in `spawn_rails_application'
  passenger (2.2.11) lib/phusion_passenger/abstract_server_collection.rb:126:in `lookup_or_add'
  passenger (2.2.11) lib/phusion_passenger/spawn_manager.rb:256:in `spawn_rails_application'
  passenger (2.2.11) lib/phusion_passenger/abstract_server_collection.rb:80:in `synchronize'
  passenger (2.2.11) lib/phusion_passenger/abstract_server_collection.rb:79:in `synchronize'
  passenger (2.2.11) lib/phusion_passenger/spawn_manager.rb:255:in `spawn_rails_application'
  passenger (2.2.11) lib/phusion_passenger/spawn_manager.rb:154:in `spawn_application'
  passenger (2.2.11) lib/phusion_passenger/spawn_manager.rb:287:in `handle_spawn_application'
  passenger (2.2.11) lib/phusion_passenger/abstract_server.rb:352:in `__send__'
  passenger (2.2.11) lib/phusion_passenger/abstract_server.rb:352:in `main_loop'
  passenger (2.2.11) lib/phusion_passenger/abstract_server.rb:196:in `start_synchronously'

Rendered rescues/_trace (32.7ms)
Rendered rescues/_request_and_response (1.4ms)
Rendering rescues/layout (internal_server_error)


Processing BlockedController#index (for 127.0.0.1 at 2010-04-07 17:45:09) [GET]
Completed in 5ms (View: 3 | 200 OK [http://rails-app.local/blocked]


Processing SessionsController#new (for 127.0.0.1 at 2010-04-07 17:45:11) [GET]
Rendering sessions/new
Completed in 8ms (View: 7 | 200 OK [http://rails-app.local/login]


Processing SessionsController#new (for 127.0.0.1 at 2010-04-07 17:45:15) [POST]

ActionController::InvalidAuthenticityToken (ActionController::InvalidAuthenticityToken):
  passenger (2.2.11) lib/phusion_passenger/rack/request_handler.rb:92:in `process_request'
  passenger (2.2.11) lib/phusion_passenger/abstract_request_handler.rb:207:in `main_loop'
  passenger (2.2.11) lib/phusion_passenger/railz/application_spawner.rb:418:in `start_request_handler'
  passenger (2.2.11) lib/phusion_passenger/railz/application_spawner.rb:358:in `handle_spawn_application'
  passenger (2.2.11) lib/phusion_passenger/utils.rb:184:in `safe_fork'
  passenger (2.2.11) lib/phusion_passenger/railz/application_spawner.rb:354:in `handle_spawn_application'
  passenger (2.2.11) lib/phusion_passenger/abstract_server.rb:352:in `__send__'
  passenger (2.2.11) lib/phusion_passenger/abstract_server.rb:352:in `main_loop'
  passenger (2.2.11) lib/phusion_passenger/abstract_server.rb:196:in `start_synchronously'
  passenger (2.2.11) lib/phusion_passenger/abstract_server.rb:163:in `start'
  passenger (2.2.11) lib/phusion_passenger/railz/application_spawner.rb:213:in `start'
  passenger (2.2.11) lib/phusion_passenger/spawn_manager.rb:262:in `spawn_rails_application'
  passenger (2.2.11) lib/phusion_passenger/abstract_server_collection.rb:126:in `lookup_or_add'
  passenger (2.2.11) lib/phusion_passenger/spawn_manager.rb:256:in `spawn_rails_application'
  passenger (2.2.11) lib/phusion_passenger/abstract_server_collection.rb:80:in `synchronize'
  passenger (2.2.11) lib/phusion_passenger/abstract_server_collection.rb:79:in `synchronize'
  passenger (2.2.11) lib/phusion_passenger/spawn_manager.rb:255:in `spawn_rails_application'
  passenger (2.2.11) lib/phusion_passenger/spawn_manager.rb:154:in `spawn_application'
  passenger (2.2.11) lib/phusion_passenger/spawn_manager.rb:287:in `handle_spawn_application'
  passenger (2.2.11) lib/phusion_passenger/abstract_server.rb:352:in `__send__'
  passenger (2.2.11) lib/phusion_passenger/abstract_server.rb:352:in `main_loop'
  passenger (2.2.11) lib/phusion_passenger/abstract_server.rb:196:in `start_synchronously'

Rendered rescues/_trace (30.7ms)
Rendered rescues/_request_and_response (1.5ms)
Rendering rescues/layout (unprocessable_entity)


Processing SessionsController#new (for 127.0.0.1 at 2010-04-07 17:47:28) [GET]
Rendering sessions/new
Completed in 8ms (View: 6 | 200 OK [http://rails-app.local/login]


Processing SessionsController#create (for 127.0.0.1 at 2010-04-07 17:47:31) [POST]
  Parameters: {"authenticity_token"=>"qwIP65IOUW6iUTH2i5JKAIj7Fm+VPC1v9axgt9GkzTM="}

ActionView::MissingTemplate (Missing template sessions/create.erb in view path app/views):
  passenger (2.2.11) lib/phusion_passenger/rack/request_handler.rb:92:in `process_request'
  passenger (2.2.11) lib/phusion_passenger/abstract_request_handler.rb:207:in `main_loop'
  passenger (2.2.11) lib/phusion_passenger/railz/application_spawner.rb:418:in `start_request_handler'
  passenger (2.2.11) lib/phusion_passenger/railz/application_spawner.rb:358:in `handle_spawn_application'
  passenger (2.2.11) lib/phusion_passenger/utils.rb:184:in `safe_fork'
  passenger (2.2.11) lib/phusion_passenger/railz/application_spawner.rb:354:in `handle_spawn_application'
  passenger (2.2.11) lib/phusion_passenger/abstract_server.rb:352:in `__send__'
  passenger (2.2.11) lib/phusion_passenger/abstract_server.rb:352:in `main_loop'
  passenger (2.2.11) lib/phusion_passenger/abstract_server.rb:196:in `start_synchronously'
  passenger (2.2.11) lib/phusion_passenger/abstract_server.rb:163:in `start'
  passenger (2.2.11) lib/phusion_passenger/railz/application_spawner.rb:213:in `start'
  passenger (2.2.11) lib/phusion_passenger/spawn_manager.rb:262:in `spawn_rails_application'
  passenger (2.2.11) lib/phusion_passenger/abstract_server_collection.rb:126:in `lookup_or_add'
  passenger (2.2.11) lib/phusion_passenger/spawn_manager.rb:256:in `spawn_rails_application'
  passenger (2.2.11) lib/phusion_passenger/abstract_server_collection.rb:80:in `synchronize'
  passenger (2.2.11) lib/phusion_passenger/abstract_server_collection.rb:79:in `synchronize'
  passenger (2.2.11) lib/phusion_passenger/spawn_manager.rb:255:in `spawn_rails_application'
  passenger (2.2.11) lib/phusion_passenger/spawn_manager.rb:154:in `spawn_application'
  passenger (2.2.11) lib/phusion_passenger/spawn_manager.rb:287:in `handle_spawn_application'
  passenger (2.2.11) lib/phusion_passenger/abstract_server.rb:352:in `__send__'
  passenger (2.2.11) lib/phusion_passenger/abstract_server.rb:352:in `main_loop'
  passenger (2.2.11) lib/phusion_passenger/abstract_server.rb:196:in `start_synchronously'

Rendering rescues/layout (internal_server_error)


Processing BlockedController#index (for 127.0.0.1 at 2010-04-07 17:47:34) [GET]
Completed in 5ms (View: 3 | 200 OK [http://rails-app.local/blocked]


Processing BlockedController#index (for 127.0.0.1 at 2010-04-07 17:48:26) [GET]

NoMethodError (undefined method `h' for #<BlockedController:0x28c196c>):
  app/controllers/blocked_controller.rb:5:in `index'
  passenger (2.2.11) lib/phusion_passenger/rack/request_handler.rb:92:in `process_request'
  passenger (2.2.11) lib/phusion_passenger/abstract_request_handler.rb:207:in `main_loop'
  passenger (2.2.11) lib/phusion_passenger/railz/application_spawner.rb:418:in `start_request_handler'
  passenger (2.2.11) lib/phusion_passenger/railz/application_spawner.rb:358:in `handle_spawn_application'
  passenger (2.2.11) lib/phusion_passenger/utils.rb:184:in `safe_fork'
  passenger (2.2.11) lib/phusion_passenger/railz/application_spawner.rb:354:in `handle_spawn_application'
  passenger (2.2.11) lib/phusion_passenger/abstract_server.rb:352:in `__send__'
  passenger (2.2.11) lib/phusion_passenger/abstract_server.rb:352:in `main_loop'
  passenger (2.2.11) lib/phusion_passenger/abstract_server.rb:196:in `start_synchronously'
  passenger (2.2.11) lib/phusion_passenger/abstract_server.rb:163:in `start'
  passenger (2.2.11) lib/phusion_passenger/railz/application_spawner.rb:213:in `start'
  passenger (2.2.11) lib/phusion_passenger/spawn_manager.rb:262:in `spawn_rails_application'
  passenger (2.2.11) lib/phusion_passenger/abstract_server_collection.rb:126:in `lookup_or_add'
  passenger (2.2.11) lib/phusion_passenger/spawn_manager.rb:256:in `spawn_rails_application'
  passenger (2.2.11) lib/phusion_passenger/abstract_server_collection.rb:80:in `synchronize'
  passenger (2.2.11) lib/phusion_passenger/abstract_server_collection.rb:79:in `synchronize'
  passenger (2.2.11) lib/phusion_passenger/spawn_manager.rb:255:in `spawn_rails_application'
  passenger (2.2.11) lib/phusion_passenger/spawn_manager.rb:154:in `spawn_application'
  passenger (2.2.11) lib/phusion_passenger/spawn_manager.rb:287:in `handle_spawn_application'
  passenger (2.2.11) lib/phusion_passenger/abstract_server.rb:352:in `__send__'
  passenger (2.2.11) lib/phusion_passenger/abstract_server.rb:352:in `main_loop'
  passenger (2.2.11) lib/phusion_passenger/abstract_server.rb:196:in `start_synchronously'

Rendered rescues/_trace (29.0ms)
Rendered rescues/_request_and_response (1.4ms)
Rendering rescues/layout (internal_server_error)


Processing BlockedController#index (for 127.0.0.1 at 2010-04-07 17:49:55) [GET]

NoMethodError (undefined method `html_escape' for #<BlockedController:0x27e8cac>):
  app/controllers/blocked_controller.rb:5:in `index'
  passenger (2.2.11) lib/phusion_passenger/rack/request_handler.rb:92:in `process_request'
  passenger (2.2.11) lib/phusion_passenger/abstract_request_handler.rb:207:in `main_loop'
  passenger (2.2.11) lib/phusion_passenger/railz/application_spawner.rb:418:in `start_request_handler'
  passenger (2.2.11) lib/phusion_passenger/railz/application_spawner.rb:358:in `handle_spawn_application'
  passenger (2.2.11) lib/phusion_passenger/utils.rb:184:in `safe_fork'
  passenger (2.2.11) lib/phusion_passenger/railz/application_spawner.rb:354:in `handle_spawn_application'
  passenger (2.2.11) lib/phusion_passenger/abstract_server.rb:352:in `__send__'
  passenger (2.2.11) lib/phusion_passenger/abstract_server.rb:352:in `main_loop'
  passenger (2.2.11) lib/phusion_passenger/abstract_server.rb:196:in `start_synchronously'
  passenger (2.2.11) lib/phusion_passenger/abstract_server.rb:163:in `start'
  passenger (2.2.11) lib/phusion_passenger/railz/application_spawner.rb:213:in `start'
  passenger (2.2.11) lib/phusion_passenger/spawn_manager.rb:262:in `spawn_rails_application'
  passenger (2.2.11) lib/phusion_passenger/abstract_server_collection.rb:126:in `lookup_or_add'
  passenger (2.2.11) lib/phusion_passenger/spawn_manager.rb:256:in `spawn_rails_application'
  passenger (2.2.11) lib/phusion_passenger/abstract_server_collection.rb:80:in `synchronize'
  passenger (2.2.11) lib/phusion_passenger/abstract_server_collection.rb:79:in `synchronize'
  passenger (2.2.11) lib/phusion_passenger/spawn_manager.rb:255:in `spawn_rails_application'
  passenger (2.2.11) lib/phusion_passenger/spawn_manager.rb:154:in `spawn_application'
  passenger (2.2.11) lib/phusion_passenger/spawn_manager.rb:287:in `handle_spawn_application'
  passenger (2.2.11) lib/phusion_passenger/abstract_server.rb:352:in `__send__'
  passenger (2.2.11) lib/phusion_passenger/abstract_server.rb:352:in `main_loop'
  passenger (2.2.11) lib/phusion_passenger/abstract_server.rb:196:in `start_synchronously'

Rendered rescues/_trace (151.6ms)
Rendered rescues/_request_and_response (0.2ms)
Rendering rescues/layout (internal_server_error)


Processing BlockedController#index (for 127.0.0.1 at 2010-04-07 17:50:11) [GET]
Completed in 2ms (View: 1 | 200 OK [http://rails-app.local/blocked]


Processing BlockedController#index (for 127.0.0.1 at 2010-04-07 17:51:52) [GET]
Completed in 12ms (View: 10 | 200 OK [http://rails-app.local/blocked]


Processing HomeController#index (for 127.0.0.1 at 2010-04-07 17:52:20) [GET]
Completed in 4ms (View: 2 | 200 OK [http://rails-app.local/]


Processing ApplicationController#index (for 127.0.0.1 at 2010-04-07 17:52:34) [GET]

ActionController::RoutingError (No route matches "/llgout" with {:method=>:get}):
  passenger (2.2.11) lib/phusion_passenger/rack/request_handler.rb:92:in `process_request'
  passenger (2.2.11) lib/phusion_passenger/abstract_request_handler.rb:207:in `main_loop'
  passenger (2.2.11) lib/phusion_passenger/railz/application_spawner.rb:418:in `start_request_handler'
  passenger (2.2.11) lib/phusion_passenger/railz/application_spawner.rb:358:in `handle_spawn_application'
  passenger (2.2.11) lib/phusion_passenger/utils.rb:184:in `safe_fork'
  passenger (2.2.11) lib/phusion_passenger/railz/application_spawner.rb:354:in `handle_spawn_application'
  passenger (2.2.11) lib/phusion_passenger/abstract_server.rb:352:in `__send__'
  passenger (2.2.11) lib/phusion_passenger/abstract_server.rb:352:in `main_loop'
  passenger (2.2.11) lib/phusion_passenger/abstract_server.rb:196:in `start_synchronously'
  passenger (2.2.11) lib/phusion_passenger/abstract_server.rb:163:in `start'
  passenger (2.2.11) lib/phusion_passenger/railz/application_spawner.rb:213:in `start'
  passenger (2.2.11) lib/phusion_passenger/spawn_manager.rb:262:in `spawn_rails_application'
  passenger (2.2.11) lib/phusion_passenger/abstract_server_collection.rb:126:in `lookup_or_add'
  passenger (2.2.11) lib/phusion_passenger/spawn_manager.rb:256:in `spawn_rails_application'
  passenger (2.2.11) lib/phusion_passenger/abstract_server_collection.rb:80:in `synchronize'
  passenger (2.2.11) lib/phusion_passenger/abstract_server_collection.rb:79:in `synchronize'
  passenger (2.2.11) lib/phusion_passenger/spawn_manager.rb:255:in `spawn_rails_application'
  passenger (2.2.11) lib/phusion_passenger/spawn_manager.rb:154:in `spawn_application'
  passenger (2.2.11) lib/phusion_passenger/spawn_manager.rb:287:in `handle_spawn_application'
  passenger (2.2.11) lib/phusion_passenger/abstract_server.rb:352:in `__send__'
  passenger (2.2.11) lib/phusion_passenger/abstract_server.rb:352:in `main_loop'
  passenger (2.2.11) lib/phusion_passenger/abstract_server.rb:196:in `start_synchronously'

Rendering rescues/layout (not_found)


Processing SessionsController#destroy (for 127.0.0.1 at 2010-04-07 17:52:39) [GET]

ActionView::MissingTemplate (Missing template sessions/destroy.erb in view path app/views):
  passenger (2.2.11) lib/phusion_passenger/rack/request_handler.rb:92:in `process_request'
  passenger (2.2.11) lib/phusion_passenger/abstract_request_handler.rb:207:in `main_loop'
  passenger (2.2.11) lib/phusion_passenger/railz/application_spawner.rb:418:in `start_request_handler'
  passenger (2.2.11) lib/phusion_passenger/railz/application_spawner.rb:358:in `handle_spawn_application'
  passenger (2.2.11) lib/phusion_passenger/utils.rb:184:in `safe_fork'
  passenger (2.2.11) lib/phusion_passenger/railz/application_spawner.rb:354:in `handle_spawn_application'
  passenger (2.2.11) lib/phusion_passenger/abstract_server.rb:352:in `__send__'
  passenger (2.2.11) lib/phusion_passenger/abstract_server.rb:352:in `main_loop'
  passenger (2.2.11) lib/phusion_passenger/abstract_server.rb:196:in `start_synchronously'
  passenger (2.2.11) lib/phusion_passenger/abstract_server.rb:163:in `start'
  passenger (2.2.11) lib/phusion_passenger/railz/application_spawner.rb:213:in `start'
  passenger (2.2.11) lib/phusion_passenger/spawn_manager.rb:262:in `spawn_rails_application'
  passenger (2.2.11) lib/phusion_passenger/abstract_server_collection.rb:126:in `lookup_or_add'
  passenger (2.2.11) lib/phusion_passenger/spawn_manager.rb:256:in `spawn_rails_application'
  passenger (2.2.11) lib/phusion_passenger/abstract_server_collection.rb:80:in `synchronize'
  passenger (2.2.11) lib/phusion_passenger/abstract_server_collection.rb:79:in `synchronize'
  passenger (2.2.11) lib/phusion_passenger/spawn_manager.rb:255:in `spawn_rails_application'
  passenger (2.2.11) lib/phusion_passenger/spawn_manager.rb:154:in `spawn_application'
  passenger (2.2.11) lib/phusion_passenger/spawn_manager.rb:287:in `handle_spawn_application'
  passenger (2.2.11) lib/phusion_passenger/abstract_server.rb:352:in `__send__'
  passenger (2.2.11) lib/phusion_passenger/abstract_server.rb:352:in `main_loop'
  passenger (2.2.11) lib/phusion_passenger/abstract_server.rb:196:in `start_synchronously'

Rendering rescues/layout (internal_server_error)


Processing HomeController#index (for 127.0.0.1 at 2010-04-07 17:53:16) [GET]
Completed in 2ms (View: 1 | 200 OK [http://rails-app.local/]


Processing HomeController#index (for 127.0.0.1 at 2010-04-07 17:53:32) [GET]
Completed in 2ms (View: 1 | 200 OK [http://rails-app.local/]


Processing BlockedController#index (for 127.0.0.1 at 2010-04-07 17:53:36) [GET]
Completed in 2ms (View: 1 | 200 OK [http://rails-app.local/blocked]


Processing SessionsController#new (for 127.0.0.1 at 2010-04-07 17:53:36) [GET]
Rendering sessions/new
Completed in 4ms (View: 3 | 200 OK [http://rails-app.local/login]


Processing SessionsController#create (for 127.0.0.1 at 2010-04-07 17:53:37) [POST]
  Parameters: {"authenticity_token"=>"qwIP65IOUW6iUTH2i5JKAIj7Fm+VPC1v9axgt9GkzTM="}

ActionView::MissingTemplate (Missing template sessions/create.erb in view path app/views):
  passenger (2.2.11) lib/phusion_passenger/rack/request_handler.rb:92:in `process_request'
  passenger (2.2.11) lib/phusion_passenger/abstract_request_handler.rb:207:in `main_loop'
  passenger (2.2.11) lib/phusion_passenger/railz/application_spawner.rb:418:in `start_request_handler'
  passenger (2.2.11) lib/phusion_passenger/railz/application_spawner.rb:358:in `handle_spawn_application'
  passenger (2.2.11) lib/phusion_passenger/utils.rb:184:in `safe_fork'
  passenger (2.2.11) lib/phusion_passenger/railz/application_spawner.rb:354:in `handle_spawn_application'
  passenger (2.2.11) lib/phusion_passenger/abstract_server.rb:352:in `__send__'
  passenger (2.2.11) lib/phusion_passenger/abstract_server.rb:352:in `main_loop'
  passenger (2.2.11) lib/phusion_passenger/abstract_server.rb:196:in `start_synchronously'
  passenger (2.2.11) lib/phusion_passenger/abstract_server.rb:163:in `start'
  passenger (2.2.11) lib/phusion_passenger/railz/application_spawner.rb:213:in `start'
  passenger (2.2.11) lib/phusion_passenger/spawn_manager.rb:262:in `spawn_rails_application'
  passenger (2.2.11) lib/phusion_passenger/abstract_server_collection.rb:126:in `lookup_or_add'
  passenger (2.2.11) lib/phusion_passenger/spawn_manager.rb:256:in `spawn_rails_application'
  passenger (2.2.11) lib/phusion_passenger/abstract_server_collection.rb:80:in `synchronize'
  passenger (2.2.11) lib/phusion_passenger/abstract_server_collection.rb:79:in `synchronize'
  passenger (2.2.11) lib/phusion_passenger/spawn_manager.rb:255:in `spawn_rails_application'
  passenger (2.2.11) lib/phusion_passenger/spawn_manager.rb:154:in `spawn_application'
  passenger (2.2.11) lib/phusion_passenger/spawn_manager.rb:287:in `handle_spawn_application'
  passenger (2.2.11) lib/phusion_passenger/abstract_server.rb:352:in `__send__'
  passenger (2.2.11) lib/phusion_passenger/abstract_server.rb:352:in `main_loop'
  passenger (2.2.11) lib/phusion_passenger/abstract_server.rb:196:in `start_synchronously'

Rendering rescues/layout (internal_server_error)


Processing BlockedController#index (for 127.0.0.1 at 2010-04-07 17:53:38) [GET]
Completed in 3ms (View: 1 | 200 OK [http://rails-app.local/blocked]


Processing SessionsController#destroy (for 127.0.0.1 at 2010-04-07 17:53:46) [GET]

ActionView::MissingTemplate (Missing template sessions/destroy.erb in view path app/views):
  passenger (2.2.11) lib/phusion_passenger/rack/request_handler.rb:92:in `process_request'
  passenger (2.2.11) lib/phusion_passenger/abstract_request_handler.rb:207:in `main_loop'
  passenger (2.2.11) lib/phusion_passenger/railz/application_spawner.rb:418:in `start_request_handler'
  passenger (2.2.11) lib/phusion_passenger/railz/application_spawner.rb:358:in `handle_spawn_application'
  passenger (2.2.11) lib/phusion_passenger/utils.rb:184:in `safe_fork'
  passenger (2.2.11) lib/phusion_passenger/railz/application_spawner.rb:354:in `handle_spawn_application'
  passenger (2.2.11) lib/phusion_passenger/abstract_server.rb:352:in `__send__'
  passenger (2.2.11) lib/phusion_passenger/abstract_server.rb:352:in `main_loop'
  passenger (2.2.11) lib/phusion_passenger/abstract_server.rb:196:in `start_synchronously'
  passenger (2.2.11) lib/phusion_passenger/abstract_server.rb:163:in `start'
  passenger (2.2.11) lib/phusion_passenger/railz/application_spawner.rb:213:in `start'
  passenger (2.2.11) lib/phusion_passenger/spawn_manager.rb:262:in `spawn_rails_application'
  passenger (2.2.11) lib/phusion_passenger/abstract_server_collection.rb:126:in `lookup_or_add'
  passenger (2.2.11) lib/phusion_passenger/spawn_manager.rb:256:in `spawn_rails_application'
  passenger (2.2.11) lib/phusion_passenger/abstract_server_collection.rb:80:in `synchronize'
  passenger (2.2.11) lib/phusion_passenger/abstract_server_collection.rb:79:in `synchronize'
  passenger (2.2.11) lib/phusion_passenger/spawn_manager.rb:255:in `spawn_rails_application'
  passenger (2.2.11) lib/phusion_passenger/spawn_manager.rb:154:in `spawn_application'
  passenger (2.2.11) lib/phusion_passenger/spawn_manager.rb:287:in `handle_spawn_application'
  passenger (2.2.11) lib/phusion_passenger/abstract_server.rb:352:in `__send__'
  passenger (2.2.11) lib/phusion_passenger/abstract_server.rb:352:in `main_loop'
  passenger (2.2.11) lib/phusion_passenger/abstract_server.rb:196:in `start_synchronously'

Rendering rescues/layout (internal_server_error)


Processing HomeController#index (for 127.0.0.1 at 2010-04-07 17:54:17) [GET]
Completed in 6ms (View: 5 | 200 OK [http://rails-app.local/]


Processing BlockedController#index (for 127.0.0.1 at 2010-04-07 17:54:21) [GET]
Completed in 4ms (View: 3 | 200 OK [http://rails-app.local/blocked]


Processing SessionsController#new (for 127.0.0.1 at 2010-04-07 17:54:21) [GET]
Rendering sessions/new
Completed in 7ms (View: 6 | 200 OK [http://rails-app.local/login]


Processing SessionsController#create (for 127.0.0.1 at 2010-04-07 17:54:23) [POST]
  Parameters: {"authenticity_token"=>"qwIP65IOUW6iUTH2i5JKAIj7Fm+VPC1v9axgt9GkzTM="}

ActionView::MissingTemplate (Missing template sessions/create.erb in view path app/views):
  passenger (2.2.11) lib/phusion_passenger/rack/request_handler.rb:92:in `process_request'
  passenger (2.2.11) lib/phusion_passenger/abstract_request_handler.rb:207:in `main_loop'
  passenger (2.2.11) lib/phusion_passenger/railz/application_spawner.rb:418:in `start_request_handler'
  passenger (2.2.11) lib/phusion_passenger/railz/application_spawner.rb:358:in `handle_spawn_application'
  passenger (2.2.11) lib/phusion_passenger/utils.rb:184:in `safe_fork'
  passenger (2.2.11) lib/phusion_passenger/railz/application_spawner.rb:354:in `handle_spawn_application'
  passenger (2.2.11) lib/phusion_passenger/abstract_server.rb:352:in `__send__'
  passenger (2.2.11) lib/phusion_passenger/abstract_server.rb:352:in `main_loop'
  passenger (2.2.11) lib/phusion_passenger/abstract_server.rb:196:in `start_synchronously'
  passenger (2.2.11) lib/phusion_passenger/abstract_server.rb:163:in `start'
  passenger (2.2.11) lib/phusion_passenger/railz/application_spawner.rb:213:in `start'
  passenger (2.2.11) lib/phusion_passenger/spawn_manager.rb:262:in `spawn_rails_application'
  passenger (2.2.11) lib/phusion_passenger/abstract_server_collection.rb:126:in `lookup_or_add'
  passenger (2.2.11) lib/phusion_passenger/spawn_manager.rb:256:in `spawn_rails_application'
  passenger (2.2.11) lib/phusion_passenger/abstract_server_collection.rb:80:in `synchronize'
  passenger (2.2.11) lib/phusion_passenger/abstract_server_collection.rb:79:in `synchronize'
  passenger (2.2.11) lib/phusion_passenger/spawn_manager.rb:255:in `spawn_rails_application'
  passenger (2.2.11) lib/phusion_passenger/spawn_manager.rb:154:in `spawn_application'
  passenger (2.2.11) lib/phusion_passenger/spawn_manager.rb:287:in `handle_spawn_application'
  passenger (2.2.11) lib/phusion_passenger/abstract_server.rb:352:in `__send__'
  passenger (2.2.11) lib/phusion_passenger/abstract_server.rb:352:in `main_loop'
  passenger (2.2.11) lib/phusion_passenger/abstract_server.rb:196:in `start_synchronously'

Rendering rescues/layout (internal_server_error)


Processing BlockedController#index (for 127.0.0.1 at 2010-04-07 17:54:23) [GET]
Completed in 4ms (View: 2 | 200 OK [http://rails-app.local/blocked]


Processing SessionsController#destroy (for 127.0.0.1 at 2010-04-07 17:54:28) [GET]

ActionView::MissingTemplate (Missing template sessions/destroy.erb in view path app/views):
  passenger (2.2.11) lib/phusion_passenger/rack/request_handler.rb:92:in `process_request'
  passenger (2.2.11) lib/phusion_passenger/abstract_request_handler.rb:207:in `main_loop'
  passenger (2.2.11) lib/phusion_passenger/railz/application_spawner.rb:418:in `start_request_handler'
  passenger (2.2.11) lib/phusion_passenger/railz/application_spawner.rb:358:in `handle_spawn_application'
  passenger (2.2.11) lib/phusion_passenger/utils.rb:184:in `safe_fork'
  passenger (2.2.11) lib/phusion_passenger/railz/application_spawner.rb:354:in `handle_spawn_application'
  passenger (2.2.11) lib/phusion_passenger/abstract_server.rb:352:in `__send__'
  passenger (2.2.11) lib/phusion_passenger/abstract_server.rb:352:in `main_loop'
  passenger (2.2.11) lib/phusion_passenger/abstract_server.rb:196:in `start_synchronously'
  passenger (2.2.11) lib/phusion_passenger/abstract_server.rb:163:in `start'
  passenger (2.2.11) lib/phusion_passenger/railz/application_spawner.rb:213:in `start'
  passenger (2.2.11) lib/phusion_passenger/spawn_manager.rb:262:in `spawn_rails_application'
  passenger (2.2.11) lib/phusion_passenger/abstract_server_collection.rb:126:in `lookup_or_add'
  passenger (2.2.11) lib/phusion_passenger/spawn_manager.rb:256:in `spawn_rails_application'
  passenger (2.2.11) lib/phusion_passenger/abstract_server_collection.rb:80:in `synchronize'
  passenger (2.2.11) lib/phusion_passenger/abstract_server_collection.rb:79:in `synchronize'
  passenger (2.2.11) lib/phusion_passenger/spawn_manager.rb:255:in `spawn_rails_application'
  passenger (2.2.11) lib/phusion_passenger/spawn_manager.rb:154:in `spawn_application'
  passenger (2.2.11) lib/phusion_passenger/spawn_manager.rb:287:in `handle_spawn_application'
  passenger (2.2.11) lib/phusion_passenger/abstract_server.rb:352:in `__send__'
  passenger (2.2.11) lib/phusion_passenger/abstract_server.rb:352:in `main_loop'
  passenger (2.2.11) lib/phusion_passenger/abstract_server.rb:196:in `start_synchronously'

Rendering rescues/layout (internal_server_error)


Processing HomeController#index (for 127.0.0.1 at 2010-04-07 17:54:30) [GET]
Completed in 4ms (View: 2 | 200 OK [http://rails-app.local/]
